2025-05-18 14:14:00 | INFO | repo=FFmpeg | action=test | passed=true
2025-05-23 10:48:00 | WARN | repo=FFmpeg | action=commit
2025-09-14 08:15:00 | DEBUG | repo=FFmpeg | action=commit
2025-05-15 15:34:00 | WARN | repo=FFmpeg | action=test | passed=true
2025-09-20 12:20:00 | DEBUG | repo=FFmpeg | action=edit | files=5
2025-01-24 16:54:00 | DEBUG | repo=FFmpeg | action=edit | files=2
2025-12-05 07:46:00 | DEBUG | repo=FFmpeg | action=edit | files=1
2025-10-04 08:05:00 | WARN | repo=FFmpeg | action=commit
2025-09-16 10:43:00 | DEBUG | repo=FFmpeg | action=commit
2025-03-08 12:53:00 | DEBUG | repo=FFmpeg | action=pull
2025-05-14 20:08:00 | DEBUG | repo=FFmpeg | action=test | passed=true
2025-01-14 09:52:00 | WARN | repo=FFmpeg | action=commit
2025-05-22 21:04:00 | INFO | repo=FFmpeg | action=commit
2025-09-25 09:47:00 | DEBUG | repo=FFmpeg | action=commit
2025-02-24 12:35:00 | WARN | repo=FFmpeg | action=commit
2025-04-19 13:57:00 | WARN | repo=FFmpeg | action=commit
2025-09-17 21:44:00 | DEBUG | repo=FFmpeg | action=edit | files=5
2025-10-20 11:04:00 | WARN | repo=FFmpeg | action=edit | files=2
2025-05-20 07:21:00 | INFO | repo=FFmpeg | action=test | passed=true
2025-07-23 18:07:00 | DEBUG | repo=FFmpeg | action=edit | files=3
2025-07-10 21:04:00 | DEBUG | repo=FFmpeg | action=commit
2025-02-18 20:55:00 | DEBUG | repo=FFmpeg | action=commit
2025-10-26 09:52:00 | INFO | repo=FFmpeg | action=edit | files=2
2025-12-19 11:53:00 | WARN | repo=FFmpeg | action=commit
2025-12-03 10:45:00 | DEBUG | repo=FFmpeg | action=commit
2025-06-03 11:27:00 | WARN | repo=FFmpeg | action=commit
2025-06-26 12:15:00 | INFO | repo=FFmpeg | action=commit
2025-07-17 18:11:00 | INFO | repo=FFmpeg | action=test | passed=true
2025-10-26 17:08:00 | DEBUG | repo=FFmpeg | action=test | passed=true
2025-06-24 17:40:00 | INFO | repo=FFmpeg | action=commit
2025-11-02 20:15:00 | WARN | repo=FFmpeg | action=commit
2025-06-07 11:12:00 | INFO | repo=FFmpeg | action=commit
2025-09-24 08:00:00 | INFO | repo=FFmpeg | action=commit
2025-01-27 17:55:00 | INFO | repo=FFmpeg | action=commit
2025-10-06 21:59:00 | INFO | repo=FFmpeg | action=commit
2025-05-02 20:12:00 | WARN | repo=FFmpeg | action=test | passed=true
2025-03-11 08:55:00 | WARN | repo=FFmpeg | action=edit | files=3
2025-03-07 09:48:00 | DEBUG | repo=FFmpeg | action=pull
2025-12-28 14:47:00 | DEBUG | repo=FFmpeg | action=commit
2025-07-19 18:35:00 | WARN | repo=FFmpeg | action=commit
2025-06-17 10:56:00 | INFO | repo=FFmpeg | action=commit
2025-09-22 07:21:00 | DEBUG | repo=FFmpeg | action=commit
2025-05-18 15:00:00 | DEBUG | repo=FFmpeg | action=test | passed=true
2025-07-01 13:58:00 | DEBUG | repo=FFmpeg | action=pull
2025-10-17 10:47:00 | WARN | repo=FFmpeg | action=commit
2025-01-28 12:27:00 | DEBUG | repo=FFmpeg | action=test | passed=true
2025-12-15 07:12:00 | INFO | repo=FFmpeg | action=commit
2025-09-13 16:06:00 | INFO | repo=FFmpeg | action=commit
2025-08-02 08:56:00 | DEBUG | repo=FFmpeg | action=commit
2025-11-21 19:52:00 | INFO | repo=FFmpeg | action=test | passed=true
2025-11-19 09:52:00 | DEBUG | repo=FFmpeg | action=commit
2025-09-12 13:10:00 | WARN | repo=FFmpeg | action=commit
2025-03-14 20:54:00 | WARN | repo=FFmpeg | action=commit
2025-11-05 18:41:00 | WARN | repo=FFmpeg | action=commit
2025-07-21 11:51:00 | WARN | repo=FFmpeg | action=commit
2025-07-25 11:12:00 | DEBUG | repo=FFmpeg | action=commit
2025-05-04 14:23:00 | DEBUG | repo=FFmpeg | action=test | passed=true
2025-07-22 12:29:00 | WARN | repo=FFmpeg | action=commit
2025-06-22 19:14:00 | INFO | repo=FFmpeg | action=commit
